0 info it worked if it ends with ok
1 verbose cli [ '/Users/miguelvacas/.nvm/versions/node/v6.3.0/bin/node',
1 verbose cli   '/Users/miguelvacas/.nvm/versions/node/v6.3.0/bin/npm',
1 verbose cli   'start' ]
2 info using npm@3.10.6
3 info using node@v6.3.0
4 verbose run-script [ 'prestart', 'start', 'poststart' ]
5 info lifecycle js-final-project@0.1.0~prestart: js-final-project@0.1.0
6 silly lifecycle js-final-project@0.1.0~prestart: no script for prestart, continuing
7 info lifecycle js-final-project@0.1.0~start: js-final-project@0.1.0
8 verbose lifecycle js-final-project@0.1.0~start: unsafe-perm in lifecycle true
9 verbose lifecycle js-final-project@0.1.0~start: PATH: /Users/miguelvacas/.nvm/versions/node/v6.3.0/lib/node_modules/npm/bin/node-gyp-bin:/Users/miguelvacas/GitHub/intro-to-js/js-final-project/node_modules/.bin:/Users/miguelvacas/.nvm/versions/node/v6.3.0/bin:/usr/bin:/bin:/usr/sbin:/sbin:/usr/local/bin
10 verbose lifecycle js-final-project@0.1.0~start: CWD: /Users/miguelvacas/GitHub/intro-to-js/js-final-project
11 silly lifecycle js-final-project@0.1.0~start: Args: [ '-c', 'node index.js' ]
12 silly lifecycle js-final-project@0.1.0~start: Returned: code: 1  signal: null
13 info lifecycle js-final-project@0.1.0~start: Failed to exec start script
14 verbose stack Error: js-final-project@0.1.0 start: `node index.js`
14 verbose stack Exit status 1
14 verbose stack     at EventEmitter.<anonymous> (/Users/miguelvacas/.nvm/versions/node/v6.3.0/lib/node_modules/npm/lib/utils/lifecycle.js:255:16)
14 verbose stack     at emitTwo (events.js:106:13)
14 verbose stack     at EventEmitter.emit (events.js:191:7)
14 verbose stack     at ChildProcess.<anonymous> (/Users/miguelvacas/.nvm/versions/node/v6.3.0/lib/node_modules/npm/lib/utils/spawn.js:40:14)
14 verbose stack     at emitTwo (events.js:106:13)
14 verbose stack     at ChildProcess.emit (events.js:191:7)
14 verbose stack     at maybeClose (internal/child_process.js:852:16)
14 verbose stack     at Process.ChildProcess._handle.onexit (internal/child_process.js:215:5)
15 verbose pkgid js-final-project@0.1.0
16 verbose cwd /Users/miguelvacas/GitHub/intro-to-js/js-final-project
17 error Darwin 15.6.0
18 error argv "/Users/miguelvacas/.nvm/versions/node/v6.3.0/bin/node" "/Users/miguelvacas/.nvm/versions/node/v6.3.0/bin/npm" "start"
19 error node v6.3.0
20 error npm  v3.10.6
21 error code ELIFECYCLE
22 error js-final-project@0.1.0 start: `node index.js`
22 error Exit status 1
23 error Failed at the js-final-project@0.1.0 start script 'node index.js'.
23 error Make sure you have the latest version of node.js and npm installed.
23 error If you do, this is most likely a problem with the js-final-project package,
23 error not with npm itself.
23 error Tell the author that this fails on your system:
23 error     node index.js
23 error You can get information on how to open an issue for this project with:
23 error     npm bugs js-final-project
23 error Or if that isn't available, you can get their info via:
23 error     npm owner ls js-final-project
23 error There is likely additional logging output above.
24 verbose exit [ 1, true ]
